c:\dennis\git-project-blah\projectblah\obj\debug\vc120.pdb
c:\dennis\git-project-blah\projectblah\obj\debug\vc120.idb
c:\dennis\git-project-blah\projectblah\obj\debug\gizmos.obj
c:\dennis\git-project-blah\projectblah\obj\debug\dummy.obj
c:\dennis\git-project-blah\projectblah\obj\debug\main.obj
c:\dennis\git-project-blah\projectblah\obj\debug\projectblah.obj
c:\dennis\git-project-blah\projectblah\obj\debug\anttweakhelper.obj
c:\dennis\git-project-blah\projectblah\obj\debug\camera.obj
c:\dennis\git-project-blah\projectblah\obj\debug\camerafly.obj
c:\dennis\git-project-blah\projectblah\obj\debug\debugwindow.obj
c:\dennis\git-project-blah\projectblah\obj\debug\gameobject.obj
c:\dennis\git-project-blah\projectblah\obj\debug\grid.obj
c:\dennis\git-project-blah\projectblah\obj\debug\material.obj
c:\dennis\git-project-blah\projectblah\obj\debug\objmesh.obj
c:\dennis\git-project-blah\projectblah\obj\debug\renderable.obj
c:\dennis\git-project-blah\projectblah\obj\debug\time.obj
c:\dennis\git-project-blah\projectblah\obj\debug\window.obj
c:\dennis\git-project-blah\projectblah\obj\debug\tiny_obj_loader.obj
c:\dennis\git-project-blah\projectblah\obj\debug\cameras_and_projections.obj
c:\dennis\git-project-blah\projectblah\obj\debug\playground.obj
c:\dennis\git-project-blah\projectblah\obj\debug\gl_core_4_4.obj
c:\dennis\git-project-blah\projectblah\obj\debug\projectblah.tlog\cl.command.1.tlog
c:\dennis\git-project-blah\projectblah\obj\debug\projectblah.tlog\cl.read.1.tlog
c:\dennis\git-project-blah\projectblah\obj\debug\projectblah.tlog\cl.write.1.tlog
c:\dennis\git-project-blah\projectblah\obj\debug\projectblah.tlog\link.command.1.tlog
c:\dennis\git-project-blah\projectblah\obj\debug\projectblah.tlog\link.read.1.tlog
c:\dennis\git-project-blah\projectblah\obj\debug\projectblah.tlog\link.write.1.tlog
