Build started 19/03/2015 2:38:37 PM.
     1>Project "C:\dennis\git-project-blah\ProjectBlah\ProjectBlah\ProjectBlah.vcxproj" on node 2 (Build target(s)).
     1>ClCompile:
         C:\Program Files (x86)\Microsoft Visual Studio 12.0\VC\bin\CL.exe /c /I"C:\dennis\git-project-blah\ProjectBlah\ProjectBlah\/" /I"C:\dennis\git-project-blah\ProjectBlah\/dependencies/" /ZI /nologo /W3 /WX- /sdl /Od /Oy- /D _MBCS /Gm /EHsc /RTC1 /MDd /GS /fp:precise /Zc:wchar_t /Zc:forScope /Fo"C:\dennis\git-project-blah\ProjectBlah\/obj/Debug/" /Fd"C:\dennis\git-project-blah\ProjectBlah\/obj/Debug/vc120.pdb" /Gd /TP /analyze- /errorReport:prompt pb\Material.cpp
         Material.cpp
       Link:
         C:\Program Files (x86)\Microsoft Visual Studio 12.0\VC\bin\link.exe /ERRORREPORT:PROMPT /OUT:"C:\dennis\git-project-blah\ProjectBlah\/builds/Debug/ProjectBlah.exe" /INCREMENTAL /NOLOGO /LIBPATH:"C:\dennis\git-project-blah\ProjectBlah\/dependencies/" opengl32.lib glfw/glfw3.lib ant/AntTweakBar.lib kernel32.lib user32.lib gdi32.lib winspool.lib comdlg32.lib advapi32.lib shell32.lib ole32.lib oleaut32.lib uuid.lib odbc32.lib odbccp32.lib /MANIFEST /MANIFESTUAC:"level='asInvoker' uiAccess='false'" /manifest:embed /DEBUG /PDB:"C:\dennis\git-project-blah\ProjectBlah\/builds/Debug/ProjectBlah.pdb" /TLBID:1 /DYNAMICBASE /NXCOMPAT /IMPLIB:"C:\dennis\git-project-blah\ProjectBlah\/builds/Debug/ProjectBlah.lib" /MACHINE:X86 "C:\dennis\git-project-blah\ProjectBlah\/obj/Debug/Gizmos.obj"
         "C:\dennis\git-project-blah\ProjectBlah\/obj/Debug/gl_core_4_4.obj"
         "C:\dennis\git-project-blah\ProjectBlah\/obj/Debug/Dummy.obj"
         "C:\dennis\git-project-blah\ProjectBlah\/obj/Debug/Main.obj"
         "C:\dennis\git-project-blah\ProjectBlah\/obj/Debug/AntTweakHelper.obj"
         "C:\dennis\git-project-blah\ProjectBlah\/obj/Debug/Camera.obj"
         "C:\dennis\git-project-blah\ProjectBlah\/obj/Debug/CameraFly.obj"
         "C:\dennis\git-project-blah\ProjectBlah\/obj/Debug/DebugWindow.obj"
         "C:\dennis\git-project-blah\ProjectBlah\/obj/Debug/GameObject.obj"
         "C:\dennis\git-project-blah\ProjectBlah\/obj/Debug/Grid.obj"
         "C:\dennis\git-project-blah\ProjectBlah\/obj/Debug/Material.obj"
         "C:\dennis\git-project-blah\ProjectBlah\/obj/Debug/ObjMesh.obj"
         "C:\dennis\git-project-blah\ProjectBlah\/obj/Debug/Renderable.obj"
         "C:\dennis\git-project-blah\ProjectBlah\/obj/Debug/ProjectBlah.obj"
         "C:\dennis\git-project-blah\ProjectBlah\/obj/Debug/Time.obj"
         "C:\dennis\git-project-blah\ProjectBlah\/obj/Debug/Window.obj"
         "C:\dennis\git-project-blah\ProjectBlah\/obj/Debug/tiny_obj_loader.obj"
         "C:\dennis\git-project-blah\ProjectBlah\/obj/Debug/Cameras_and_Projections.obj"
         "C:\dennis\git-project-blah\ProjectBlah\/obj/Debug/Playground.obj"
         ProjectBlah.vcxproj -> C:\dennis\git-project-blah\ProjectBlah\/builds/Debug/ProjectBlah.exe
     1>Done Building Project "C:\dennis\git-project-blah\ProjectBlah\ProjectBlah\ProjectBlah.vcxproj" (Build target(s)).

Build succeeded.

Time Elapsed 00:00:00.98
